<?xml version="1.0" encoding="UTF-8"?>
<testng-results skipped="0" failed="0" total="1" passed="1">
  <reporter-output>
  </reporter-output>
  <suite name="Suite" duration-ms="59906" started-at="2019-11-05T11:54:25Z" finished-at="2019-11-05T11:55:25Z">
    <groups>
    </groups>
    <test name="FlightsPageTest" duration-ms="59906" started-at="2019-11-05T11:54:25Z" finished-at="2019-11-05T11:55:25Z">
      <class name="com.cleartrip.TestRunner.TestRunner">
        <test-method status="PASS" signature="setUp()[pri:0, instance:com.cleartrip.TestRunner.TestRunner@7c0e2abd]" name="setUp" is-config="true" duration-ms="161" started-at="2019-11-05T17:24:25Z" finished-at="2019-11-05T17:24:25Z">
          <reporter-output>
          </reporter-output>
        </test-method> <!-- setUp -->
        <test-method status="PASS" signature="features(cucumber.api.testng.CucumberFeatureWrapper)[pri:0, instance:com.cleartrip.TestRunner.TestRunner@7c0e2abd]" name="features" duration-ms="59662" started-at="2019-11-05T17:24:25Z" data-provider="features" finished-at="2019-11-05T17:25:25Z">
          <params>
            <param index="0">
              <value>
                <![CDATA[Booking A Flight ticket]]>
              </value>
            </param>
          </params>
          <reporter-output>
          </reporter-output>
        </test-method> <!-- features -->
        <test-method status="PASS" signature="tearDown()[pri:0, instance:com.cleartrip.TestRunner.TestRunner@7c0e2abd]" name="tearDown" is-config="true" duration-ms="11" started-at="2019-11-05T17:25:25Z" finished-at="2019-11-05T17:25:25Z">
          <reporter-output>
          </reporter-output>
        </test-method> <!-- tearDown -->
      </class> <!-- com.cleartrip.TestRunner.TestRunner -->
    </test> <!-- FlightsPageTest -->
  </suite> <!-- Suite -->
</testng-results>
