<?xml version="1.0" encoding="UTF-8"?>
<testng-results skipped="0" failed="0" total="1" passed="1">
  <reporter-output>
  </reporter-output>
  <suite name="Default suite" duration-ms="46881" started-at="2019-11-05T11:02:23Z" finished-at="2019-11-05T11:03:10Z">
    <groups>
    </groups>
    <test name="Default test" duration-ms="46881" started-at="2019-11-05T11:02:23Z" finished-at="2019-11-05T11:03:10Z">
      <class name="com.cleartrip.TestRunner.TestRunner">
        <test-method status="PASS" signature="setUp()[pri:0, instance:com.cleartrip.TestRunner.TestRunner@553f17c]" name="setUp" is-config="true" duration-ms="182" started-at="2019-11-05T16:32:23Z" finished-at="2019-11-05T16:32:23Z">
          <reporter-output>
          </reporter-output>
        </test-method> <!-- setUp -->
        <test-method status="PASS" signature="features(cucumber.api.testng.CucumberFeatureWrapper)[pri:0, instance:com.cleartrip.TestRunner.TestRunner@553f17c]" name="features" duration-ms="46535" started-at="2019-11-05T16:32:23Z" data-provider="features" finished-at="2019-11-05T16:33:10Z">
          <params>
            <param index="0">
              <value>
                <![CDATA[Booking A Flight ticket]]>
              </value>
            </param>
          </params>
          <reporter-output>
          </reporter-output>
        </test-method> <!-- features -->
        <test-method status="PASS" signature="tearDown()[pri:0, instance:com.cleartrip.TestRunner.TestRunner@553f17c]" name="tearDown" is-config="true" duration-ms="32" started-at="2019-11-05T16:33:10Z" finished-at="2019-11-05T16:33:10Z">
          <reporter-output>
          </reporter-output>
        </test-method> <!-- tearDown -->
      </class> <!-- com.cleartrip.TestRunner.TestRunner -->
    </test> <!-- Default test -->
  </suite> <!-- Default suite -->
</testng-results>
